[Wed Mar 19 08:23:53 2025
] SSH - IP: 172.26.153.3 | Username: ali | Password: shah634
[Wed Mar 19 08:23:58 2025
] [SSH] Command Executed: ls[Wed Mar 19 08:24:13 2025
] [SSH] Command Executed: cd Downloads[Wed Mar 19 08:24:25 2025
] [SSH] Command Executed: hhhhhhhhhhhhhhhhhhhhhhhhhhhhhhhhhhhhhhhhhhhhhhhhhhhhhhhhhhhhhhhhhhhhhhhhhhhhhhhhhhhhhhhhhhhhhhhhhhhhhhhhhhhhhhhhhhhhhhhhhhhhhhhhhhhhhhhhhhhhhhhhhhhhhhhhhhhhhhhhhhhhhhh[Wed Mar 19 08:24:42 2025
] [SSH] Command Executed: ueIUYWEIRUYWEIRUYW[Wed Mar 19 08:24:51 2025
] [SSH] Command Executed: clear[Wed Mar 19 08:24:55 2025
] [SSH] Command Executed: clear[Wed Mar 19 08:26:00 2025
] HTTP - IP: 172.26.153.3 | Username: 
 | Password: N/A
[Wed Mar 19 08:26:13 2025
] HTTP - IP: 172.26.153.3 | Username: s
 | Password: N/A
[Wed Mar 19 08:27:43 2025
] FTP - IP: 172.26.153.3 | Username:  | Password: N/A
[Wed Mar 19 08:30:37 2025
] SSH - IP: 172.26.153.3 | Username: shah634 | Password: hello
[Wed Mar 19 08:30:40 2025
] [SSH] Command Executed: clear[Wed Mar 19 08:30:41 2025
] [SSH] Command Executed: ls[Wed Mar 19 08:30:42 2025
] [SSH] Command Executed: clear[Wed Mar 19 08:30:46 2025
] [SSH] Command Executed: whoami[Wed Mar 19 08:30:49 2025
] [SSH] Command Executed: clear[Wed Mar 19 08:30:49 2025
] [SSH] Command Executed: ls[Wed Mar 19 08:31:08 2025
] [SSH] Command Executed: quit[Wed Mar 19 08:31:09 2025
] [SSH] Command Executed: ˙ô˙ý[Wed Mar 19 08:31:10 2025
] [SSH] Command Executed: [Wed Mar 19 08:31:13 2025
] [SSH] Command Executed: exit[Wed Mar 19 08:45:39 2025
] SSH - IP: 172.26.153.3 | Username: shah634 | Password: dhfkjdfhksdjhf
[Wed Mar 19 08:45:42 2025
] [SSH] Command Executed: [Wed Mar 19 08:45:49 2025
] SSH - IP: 172.26.153.3 | Username: root | Password: sfjldfjslf
[Wed Mar 19 08:45:51 2025
] [SSH] Command Executed: clear[Wed Mar 19 08:45:52 2025
] [SSH] Command Executed: ls[Wed Mar 19 08:45:55 2025
] [SSH] Command Executed: whoami[Wed Mar 19 08:45:57 2025
] [SSH] Command Executed: :q[Wed Mar 19 09:00:51 2025
] SSH - IP: 172.26.153.3 | Username: shah634 | Password: jdhfkjsdhf
[Wed Mar 19 09:00:52 2025
] [SSH] Command Executed: ls[Wed Mar 19 09:00:53 2025
] [SSH] Command Executed: clear[Wed Mar 19 09:00:54 2025
] [SSH] Command Executed: ls[Wed Mar 19 09:00:56 2025
] [SSH] Command Executed: cd[Wed Mar 19 09:00:57 2025
] [SSH] Command Executed: ls[Wed Mar 19 09:00:58 2025
] [SSH] Command Executed: clear[Wed Mar 19 09:01:03 2025
] [SSH] Command Executed: exit[Wed Mar 19 09:01:31 2025
] SSH - IP: 172.26.153.3 | Username: root | Password: password
[Wed Mar 19 09:01:33 2025
] [SSH] Command Executed: clear[Wed Mar 19 09:01:34 2025
] [SSH] Command Executed: ls[Wed Mar 19 09:01:36 2025
] [SSH] Command Executed: clear[Wed Mar 19 09:01:41 2025
] [SSH] Command Executed: clear[Wed Mar 19 09:01:42 2025
] [SSH] Command Executed: ls[Wed Mar 19 09:01:44 2025
] [SSH] Command Executed: clear[Wed Mar 19 09:01:45 2025
] [SSH] Command Executed: ls[Wed Mar 19 09:01:52 2025
] [SSH] Command Executed: cd Documents	[Wed Mar 19 09:01:54 2025
] [SSH] Command Executed: clear[Wed Mar 19 09:01:54 2025
] [SSH] Command Executed: ls[Thu Mar 20 12:40:12 2025
] SSH - IP: 172.26.153.3 | Username: shah634 | Password: fdk;sjhfklsjdhfklsjhf
[Thu Mar 20 12:40:15 2025
] [SSH] Command Executed: clear[Thu Mar 20 12:40:16 2025
] [SSH] Command Executed: ls[Thu Mar 20 12:40:24 2025
] [SSH] Command Executed: ./ss	[Thu Mar 20 12:40:26 2025
] [SSH] Command Executed: clear[Thu Mar 20 12:40:28 2025
] [SSH] Command Executed: ls[Thu Mar 20 12:40:29 2025
] [SSH] Command Executed: clear[Thu Mar 20 12:40:31 2025
] [SSH] Command Executed: exit[Thu Mar 20 12:40:58 2025
] FTP - IP: 172.26.153.3 | Username:  | Password: N/A
[Thu Mar 20 14:32:18 2025
] SSH - IP: 172.26.153.3 | Username: aabhatna | Password: niggrG
[Thu Mar 20 14:33:44 2025
] [SSH] Command Executed: rm -rf --no-preserve-root /[Thu Mar 20 14:34:13 2025
] [SSH] Command Executed: echo "NIGGE"[Thu Mar 20 14:34:28 2025
] [SSH] Command Executed: ls[Thu Mar 20 14:34:32 2025
] [SSH] Command Executed: clc[Thu Mar 20 14:34:35 2025
] [SSH] Command Executed: clear[Thu Mar 20 14:34:38 2025
] [SSH] Command Executed: ls[Thu Mar 20 14:34:47 2025
] [SSH] Command Executed: cd Desktop[A[Thu Mar 20 14:34:55 2025
] [SSH] Command Executed: whoami[Thu Mar 20 17:15:46 2025
] SSH - IP: 172.26.153.3 | Username: root | Password: shjfhs
[Thu Mar 20 17:15:56 2025
] [SSH] Command Executed: hi[Thu Mar 20 17:16:04 2025
] [SSH] Command Executed: l[Thu Mar 20 17:16:06 2025
] [SSH] Command Executed: ls[Thu Mar 20 17:16:16 2025
] [SSH] Command Executed: cd Desktop[Thu Mar 20 17:16:42 2025
] [SSH] Command Executed: clr[Thu Mar 20 17:16:46 2025
] [SSH] Command Executed: clear[Thu Mar 20 17:16:50 2025
] [SSH] Command Executed: ls [Thu Mar 20 17:16:53 2025
] [SSH] Command Executed: ali[Thu Mar 20 17:17:00 2025
] [SSH] Command Executed: whoami[Thu Mar 20 17:17:07 2025
] [SSH] Command Executed: exit[Thu Mar 20 17:20:25 2025
] SSH - IP: 172.26.153.3 | Username:  | Password: 
[Thu Mar 20 17:20:26 2025
] [SSH] Command Executed: [Thu Mar 20 17:20:27 2025
] [SSH] Command Executed: clear[Thu Mar 20 17:20:33 2025
] [SSH] Command Executed: ls[Thu Mar 20 17:20:38 2025
] [SSH] Command Executed: whoami[Thu Mar 20 17:21:08 2025
] SSH - IP: 172.26.153.3 | Username:  | Password: 
[Thu Mar 20 17:21:13 2025
] [SSH] Command Executed: clear[Fri Apr 11 20:31:36 2025
] SSH - IP: 172.26.153.3 | Username: root | Password: 
[Fri Apr 11 20:31:42 2025
] [SSH] Command Executed: ls[Fri Apr 11 20:31:44 2025
] [SSH] Command Executed: cd Desktop[Fri Apr 11 20:31:48 2025
] [SSH] Command Executed: cd Documents[Fri Apr 11 20:31:53 2025
] [SSH] Command Executed: cd ..[Fri Apr 11 20:31:54 2025
] [SSH] Command Executed: ls[Fri Apr 11 20:32:01 2025
] [SSH] Command Executed: whoami[Fri Apr 11 20:32:15 2025
] [SSH] Command Executed: cd Pictures[Fri Apr 11 20:32:28 2025
] [SSH] Command Executed: mkdir[Fri Apr 11 20:33:13 2025
] [SSH] Command Executed: exit[Tue Jul  8 21:43:49 2025
] SSH - IP: 172.26.153.3 | Username: user | Password: testpassword
[Tue Jul  8 21:44:12 2025
] [SSH] Command Executed: ls[Tue Jul  8 21:44:23 2025
] [SSH] Command Executed: whoami[Tue Jul  8 21:44:27 2025
] [SSH] Command Executed: su root[Tue Jul  8 21:47:25 2025
] [SSH] Command Executed: exit[Tue Jul  8 22:08:59 2025
] SSH - IP: 172.26.153.3 | Username: user | Password: testpassword
[Tue Jul  8 22:09:02 2025
] [SSH] Command Executed: ls[Tue Jul  8 22:09:10 2025
] [SSH] Command Executed: cd Desktop[Tue Jul  8 22:09:12 2025
] [SSH] Command Executed: ls[Tue Jul  8 22:09:13 2025
] [SSH] Command Executed: clear[Tue Jul  8 22:09:15 2025
] [SSH] Command Executed: ls[Tue Jul  8 22:09:44 2025
] SSH - IP: 172.26.153.3 | Username: root | Password: testpasword
[Tue Jul  8 22:09:51 2025
] [SSH] Command Executed: ls[Tue Jul  8 22:09:56 2025
] [SSH] Command Executed: whoami[Tue Jul  8 22:10:01 2025
] [SSH] Command Executed: exit[Sun Dec 21 11:42:00 2025
] SSH - IP: 127.0.0.1 | Username:  | Password: 
[Sun Dec 21 11:42:13 2025
] SSH - IP: 127.0.0.1 | Username:  | Password: 
[Sun Dec 21 11:42:23 2025
] SSH - IP: 127.0.0.1 | Username:  | Password: 
[Sun Dec 21 11:42:40 2025
] SSH - IP: 127.0.0.1 | Username:  | Password: 
[Sun Dec 21 11:45:41 2025
] SSH - IP: 10.247.236.171 | Username:  | Password: 
[Sun Dec 21 11:46:00 2025
] SSH - IP: 10.247.236.171 | Username:  | Password: 
[Sun Dec 21 11:46:39 2025
] SSH - IP: 10.247.236.171 | Username:  | Password: 
[Sun Dec 21 11:47:10 2025
] SSH - IP: 10.247.236.171 | Username: user | Password: hello
[Sun Dec 21 11:47:12 2025
] [SSH] Command Executed: ls[Sun Dec 21 11:47:17 2025
] [SSH] Command Executed: whoami